<?xml version="1.0" encoding="UTF-8"?>
<testsuite xmlns:xsi="http://www.w3.org/2001/XMLSchema-instance" xsi:noNamespaceSchemaLocation="https://maven.apache.org/surefire/maven-surefire-plugin/xsd/surefire-test-report.xsd" name="cn.smbms.dao.user.UserTest" time="0.824" tests="3" errors="0" skipped="0" failures="0">
  <properties>
    <property name="sun.desktop" value="windows"/>
    <property name="awt.toolkit" value="sun.awt.windows.WToolkit"/>
    <property name="file.encoding.pkg" value="sun.io"/>
    <property name="java.specification.version" value="1.8"/>
    <property name="sun.cpu.isalist" value="amd64"/>
    <property name="sun.jnu.encoding" value="GBK"/>
    <property name="java.class.path" value="D:\superMaket\smbmsmybatis\target\test-classes;D:\superMaket\smbmsmybatis\target\classes;D:\Maven_repository\log4j\log4j\1.2.17\log4j-1.2.17.jar;D:\Maven_repository\junit\junit\4.11\junit-4.11.jar;D:\Maven_repository\org\hamcrest\hamcrest-core\1.3\hamcrest-core-1.3.jar;D:\Maven_repository\mysql\mysql-connector-java\5.1.49\mysql-connector-java-5.1.49.jar;D:\Maven_repository\org\mybatis\mybatis\3.4.6\mybatis-3.4.6.jar;"/>
    <property name="java.vm.vendor" value="Oracle Corporation"/>
    <property name="sun.arch.data.model" value="64"/>
    <property name="user.variant" value=""/>
    <property name="java.vendor.url" value="http://java.oracle.com/"/>
    <property name="user.timezone" value="Asia/Shanghai"/>
    <property name="java.vm.specification.version" value="1.8"/>
    <property name="os.name" value="Windows 7"/>
    <property name="user.country" value="CN"/>
    <property name="sun.java.launcher" value="SUN_STANDARD"/>
    <property name="sun.boot.library.path" value="C:\Program Files\Java\jdk1.8.0_31\jre\bin"/>
    <property name="sun.java.command" value="C:\Users\ADMINI~1\AppData\Local\Temp\surefire1767229807335646041\surefirebooter4481748261829162356.jar C:\Users\Administrator\AppData\Local\Temp\surefire1767229807335646041 2020-08-18T16-46-49_019-jvmRun1 surefire4144686664458580319tmp surefire_04793509621134517266tmp"/>
    <property name="surefire.test.class.path" value="D:\superMaket\smbmsmybatis\target\test-classes;D:\superMaket\smbmsmybatis\target\classes;D:\Maven_repository\log4j\log4j\1.2.17\log4j-1.2.17.jar;D:\Maven_repository\junit\junit\4.11\junit-4.11.jar;D:\Maven_repository\org\hamcrest\hamcrest-core\1.3\hamcrest-core-1.3.jar;D:\Maven_repository\mysql\mysql-connector-java\5.1.49\mysql-connector-java-5.1.49.jar;D:\Maven_repository\org\mybatis\mybatis\3.4.6\mybatis-3.4.6.jar;"/>
    <property name="sun.cpu.endian" value="little"/>
    <property name="user.home" value="C:\Users\Administrator"/>
    <property name="user.language" value="zh"/>
    <property name="java.specification.vendor" value="Oracle Corporation"/>
    <property name="java.home" value="C:\Program Files\Java\jdk1.8.0_31\jre"/>
    <property name="basedir" value="D:\superMaket\smbmsmybatis"/>
    <property name="file.separator" value="\"/>
    <property name="line.separator" value="&#10;"/>
    <property name="java.vm.specification.vendor" value="Oracle Corporation"/>
    <property name="java.specification.name" value="Java Platform API Specification"/>
    <property name="java.awt.graphicsenv" value="sun.awt.Win32GraphicsEnvironment"/>
    <property name="surefire.real.class.path" value="C:\Users\ADMINI~1\AppData\Local\Temp\surefire1767229807335646041\surefirebooter4481748261829162356.jar"/>
    <property name="sun.boot.class.path" value="C:\Program Files\Java\jdk1.8.0_31\jre\lib\resources.jar;C:\Program Files\Java\jdk1.8.0_31\jre\lib\rt.jar;C:\Program Files\Java\jdk1.8.0_31\jre\lib\sunrsasign.jar;C:\Program Files\Java\jdk1.8.0_31\jre\lib\jsse.jar;C:\Program Files\Java\jdk1.8.0_31\jre\lib\jce.jar;C:\Program Files\Java\jdk1.8.0_31\jre\lib\charsets.jar;C:\Program Files\Java\jdk1.8.0_31\jre\lib\jfr.jar;C:\Program Files\Java\jdk1.8.0_31\jre\classes"/>
    <property name="user.script" value=""/>
    <property name="sun.management.compiler" value="HotSpot 64-Bit Tiered Compilers"/>
    <property name="java.runtime.version" value="1.8.0_31-b13"/>
    <property name="user.name" value="Administrator"/>
    <property name="path.separator" value=";"/>
    <property name="os.version" value="6.1"/>
    <property name="java.endorsed.dirs" value="C:\Program Files\Java\jdk1.8.0_31\jre\lib\endorsed"/>
    <property name="java.runtime.name" value="Java(TM) SE Runtime Environment"/>
    <property name="file.encoding" value="UTF-8"/>
    <property name="java.vm.name" value="Java HotSpot(TM) 64-Bit Server VM"/>
    <property name="localRepository" value="D:\Maven_repository"/>
    <property name="java.vendor.url.bug" value="http://bugreport.sun.com/bugreport/"/>
    <property name="java.io.tmpdir" value="C:\Users\ADMINI~1\AppData\Local\Temp\"/>
    <property name="java.version" value="1.8.0_31"/>
    <property name="user.dir" value="D:\superMaket\smbmsmybatis"/>
    <property name="os.arch" value="amd64"/>
    <property name="java.vm.specification.name" value="Java Virtual Machine Specification"/>
    <property name="java.awt.printerjob" value="sun.awt.windows.WPrinterJob"/>
    <property name="sun.os.patch.level" value="Service Pack 1"/>
    <property name="idea.version2019.3.3" value="true"/>
    <property name="java.library.path" value="C:\Program Files\Java\jdk1.8.0_31\jre\bin;C:\Windows\Sun\Java\bin;C:\Windows\system32;C:\Windows;C:\Program Files (x86)\Common Files\Oracle\Java\javapath;C:\ProgramData\Oracle\Java\javapath;C:\Windows\system32;C:\Windows;C:\Windows\System32\Wbem;C:\Windows\System32\WindowsPowerShell\v1.0\;D:\anzhuang\jdk\bin;C:\Program Files\MySQL\MySQL Server 5.5\bin;C:\Program Files\TortoiseSVN\binb;D:\anzhuang\apache-maven-3.6.0\bin;D:\anzhuang\nodejs\;D:\apache-tomcat-9.0.36\bin;D:\bin;C:\Program Files\TortoiseSVN\bin;D:\apache-maven-3.6.3\bin;C:\Users\Administrator\AppData\Roaming\npm;D:\soft\IntelliJ IDEA 2019.3.3\bin;;."/>
    <property name="java.vm.info" value="mixed mode"/>
    <property name="java.vendor" value="Oracle Corporation"/>
    <property name="java.vm.version" value="25.31-b07"/>
    <property name="java.ext.dirs" value="C:\Program Files\Java\jdk1.8.0_31\jre\lib\ext;C:\Windows\Sun\Java\lib\ext"/>
    <property name="sun.io.unicode.encoding" value="UnicodeLittle"/>
    <property name="maven.repo.local" value="D:\Maven_repository"/>
    <property name="java.class.version" value="52.0"/>
  </properties>
  <testcase name="test01" classname="cn.smbms.dao.user.UserTest" time="0.59"/>
  <testcase name="test02" classname="cn.smbms.dao.user.UserTest" time="0.042"/>
  <testcase name="test03" classname="cn.smbms.dao.user.UserTest" time="0.069"/>
</testsuite>